# JRE version: Java(TM) SE Runtime Environment (8.0_45-b15) (build 1.8.0_45-b15)
# Java VM: Java HotSpot(TM) 64-Bit Server VM (25.45-b02 mixed mode windows-amd64 compressed oops)
Heap:
 PSYoungGen      total 97280K, used 59986K [0x00000000eab00000, 0x00000000f4100000, 0x0000000100000000)
  eden space 51200K, 29% used [0x00000000eab00000,0x00000000eb9c13a8,0x00000000edd00000)
  from space 46080K, 97% used [0x00000000f1400000,0x00000000f3fd37b0,0x00000000f4100000)
  to   space 39936K, 0% used [0x00000000edd00000,0x00000000edd00000,0x00000000f0400000)
 ParOldGen       total 189952K, used 155446K [0x00000000c0000000, 0x00000000cb980000, 0x00000000eab00000)
  object space 189952K, 81% used [0x00000000c0000000,0x00000000c97cd870,0x00000000cb980000)
 Metaspace       used 6518K, capacity 7256K, committed 7424K, reserved 1056768K
  class space    used 617K, capacity 656K, committed 768K, reserved 1048576K
GC Heap History (10 events):
Event: 24.937 GC heap before
{Heap before GC invocations=10 (full 2):
 PSYoungGen      total 82944K, used 31719K [0x00000000eab00000, 0x00000000f3680000, 0x0000000100000000)
  eden space 51200K, 0% used [0x00000000eab00000,0x00000000eab00000,0x00000000edd00000)
  from space 31744K, 99% used [0x00000000f0400000,0x00000000f22f9d28,0x00000000f2300000)
  to   space 39936K, 0% used [0x00000000edd00000,0x00000000edd00000,0x00000000f0400000)
 ParOldGen       total 87552K, used 66255K [0x00000000c0000000, 0x00000000c5580000, 0x00000000eab00000)
  object space 87552K, 75% used [0x00000000c0000000,0x00000000c40b3f18,0x00000000c5580000)
 Metaspace       used 6509K, capacity 7256K, committed 7424K, reserved 1056768K
  class space    used 616K, capacity 656K, committed 768K, reserved 1048576K
Event: 26.061 GC heap after
Heap after GC invocations=10 (full 2):
 PSYoungGen      total 82944K, used 2990K [0x00000000eab00000, 0x00000000f3680000, 0x0000000100000000)
  eden space 51200K, 0% used [0x00000000eab00000,0x00000000eab00000,0x00000000edd00000)
  from space 31744K, 9% used [0x00000000f0400000,0x00000000f06eb860,0x00000000f2300000)
  to   space 39936K, 0% used [0x00000000edd00000,0x00000000edd00000,0x00000000f0400000)
 ParOldGen       total 189952K, used 87198K [0x00000000c0000000, 0x00000000cb980000, 0x00000000eab00000)
  object space 189952K, 45% used [0x00000000c0000000,0x00000000c55279c8,0x00000000cb980000)
 Metaspace       used 6509K, capacity 7256K, committed 7424K, reserved 1056768K
  class space    used 616K, capacity 656K, committed 768K, reserved 1048576K
}
Event: 26.172 GC heap before
{Heap before GC invocations=11 (full 2):
 PSYoungGen      total 82944K, used 54190K [0x00000000eab00000, 0x00000000f3680000, 0x0000000100000000)
  eden space 51200K, 100% used [0x00000000eab00000,0x00000000edd00000,0x00000000edd00000)
  from space 31744K, 9% used [0x00000000f0400000,0x00000000f06eb860,0x00000000f2300000)
  to   space 39936K, 0% used [0x00000000edd00000,0x00000000edd00000,0x00000000f0400000)
 ParOldGen       total 189952K, used 87198K [0x00000000c0000000, 0x00000000cb980000, 0x00000000eab00000)
  object space 189952K, 45% used [0x00000000c0000000,0x00000000c55279c8,0x00000000cb980000)
 Metaspace       used 6509K, capacity 7256K, committed 7424K, reserved 1056768K
  class space    used 616K, capacity 656K, committed 768K, reserved 1048576K
Event: 26.395 GC heap after
Heap after GC invocations=11 (full 2):
 PSYoungGen      total 91136K, used 37631K [0x00000000eab00000, 0x00000000f4100000, 0x0000000100000000)
  eden space 51200K, 0% used [0x00000000eab00000,0x00000000eab00000,0x00000000edd00000)
  from space 39936K, 94% used [0x00000000edd00000,0x00000000f01bfea8,0x00000000f0400000)
  to   space 46080K, 0% used [0x00000000f1400000,0x00000000f1400000,0x00000000f4100000)
 ParOldGen       total 189952K, used 87198K [0x00000000c0000000, 0x00000000cb980000, 0x00000000eab00000)
  object space 189952K, 45% used [0x00000000c0000000,0x00000000c55279c8,0x00000000cb980000)
 Metaspace       used 6509K, capacity 7256K, committed 7424K, reserved 1056768K
  class space    used 616K, capacity 656K, committed 768K, reserved 1048576K
}
Event: 26.430 GC heap before
{Heap before GC invocations=12 (full 2):
 PSYoungGen      total 91136K, used 88831K [0x00000000eab00000, 0x00000000f4100000, 0x0000000100000000)
  eden space 51200K, 100% used [0x00000000eab00000,0x00000000edd00000,0x00000000edd00000)
  from space 39936K, 94% used [0x00000000edd00000,0x00000000f01bfea8,0x00000000f0400000)
  to   space 46080K, 0% used [0x00000000f1400000,0x00000000f1400000,0x00000000f4100000)
 ParOldGen       total 189952K, used 87198K [0x00000000c0000000, 0x00000000cb980000, 0x00000000eab00000)
  object space 189952K, 45% used [0x00000000c0000000,0x00000000c55279c8,0x00000000cb980000)
 Metaspace       used 6509K, capacity 7256K, committed 7424K, reserved 1056768K
  class space    used 616K, capacity 656K, committed 768K, reserved 1048576K
Event: 26.588 GC heap after
Heap after GC invocations=12 (full 2):
 PSYoungGen      total 97280K, used 46079K [0x00000000eab00000, 0x00000000f4100000, 0x0000000100000000)
  eden space 51200K, 0% used [0x00000000eab00000,0x00000000eab00000,0x00000000edd00000)
  from space 46080K, 99% used [0x00000000f1400000,0x00000000f40ffea8,0x00000000f4100000)
  to   space 39936K, 0% used [0x00000000edd00000,0x00000000edd00000,0x00000000f0400000)
 ParOldGen       total 189952K, used 113126K [0x00000000c0000000, 0x00000000cb980000, 0x00000000eab00000)
  object space 189952K, 59% used [0x00000000c0000000,0x00000000c6e799c8,0x00000000cb980000)
 Metaspace       used 6509K, capacity 7256K, committed 7424K, reserved 1056768K
  class space    used 616K, capacity 656K, committed 768K, reserved 1048576K
}
Event: 26.625 GC heap before
{Heap before GC invocations=13 (full 2):
 PSYoungGen      total 97280K, used 97279K [0x00000000eab00000, 0x00000000f4100000, 0x0000000100000000)
  eden space 51200K, 100% used [0x00000000eab00000,0x00000000edd00000,0x00000000edd00000)
  from space 46080K, 99% used [0x00000000f1400000,0x00000000f40ffea8,0x00000000f4100000)
  to   space 39936K, 0% used [0x00000000edd00000,0x00000000edd00000,0x00000000f0400000)
 ParOldGen       total 189952K, used 113126K [0x00000000c0000000, 0x00000000cb980000, 0x00000000eab00000)
  object space 189952K, 59% used [0x00000000c0000000,0x00000000c6e799c8,0x00000000cb980000)
 Metaspace       used 6509K, capacity 7256K, committed 7424K, reserved 1056768K
  class space    used 616K, capacity 656K, committed 768K, reserved 1048576K
Event: 26.779 GC heap after
Heap after GC invocations=13 (full 2):
 PSYoungGen      total 91136K, used 39916K [0x00000000eab00000, 0x00000000f4100000, 0x0000000100000000)
  eden space 51200K, 0% used [0x00000000eab00000,0x00000000eab00000,0x00000000edd00000)
  from space 39936K, 99% used [0x00000000edd00000,0x00000000f03fb0c0,0x00000000f0400000)
  to   space 46080K, 0% used [0x00000000f1400000,0x00000000f1400000,0x00000000f4100000)
 ParOldGen       total 189952K, used 138137K [0x00000000c0000000, 0x00000000cb980000, 0x00000000eab00000)
  object space 189952K, 72% used [0x00000000c0000000,0x00000000c86e67b0,0x00000000cb980000)
 Metaspace       used 6509K, capacity 7256K, committed 7424K, reserved 1056768K
  class space    used 616K, capacity 656K, committed 768K, reserved 1048576K
}
Event: 26.843 GC heap before
{Heap before GC invocations=14 (full 2):
 PSYoungGen      total 91136K, used 91116K [0x00000000eab00000, 0x00000000f4100000, 0x0000000100000000)
  eden space 51200K, 100% used [0x00000000eab00000,0x00000000edd00000,0x00000000edd00000)
  from space 39936K, 99% used [0x00000000edd00000,0x00000000f03fb0c0,0x00000000f0400000)
  to   space 46080K, 0% used [0x00000000f1400000,0x00000000f1400000,0x00000000f4100000)
 ParOldGen       total 189952K, used 138137K [0x00000000c0000000, 0x00000000cb980000, 0x00000000eab00000)
  object space 189952K, 72% used [0x00000000c0000000,0x00000000c86e67b0,0x00000000cb980000)
 Metaspace       used 6514K, capacity 7256K, committed 7424K, reserved 1056768K
  class space    used 616K, capacity 656K, committed 768K, reserved 1048576K
Event: 26.914 GC heap after
Heap after GC invocations=14 (full 2):
 PSYoungGen      total 97280K, used 44877K [0x00000000eab00000, 0x00000000f4100000, 0x0000000100000000)
  eden space 51200K, 0% used [0x00000000eab00000,0x00000000eab00000,0x00000000edd00000)
  from space 46080K, 97% used [0x00000000f1400000,0x00000000f3fd37b0,0x00000000f4100000)
  to   space 39936K, 0% used [0x00000000edd00000,0x00000000edd00000,0x00000000f0400000)
 ParOldGen       total 189952K, used 155446K [0x00000000c0000000, 0x00000000cb980000, 0x00000000eab00000)
  object space 189952K, 81% used [0x00000000c0000000,0x00000000c97cd870,0x00000000cb980000)
 Metaspace       used 6514K, capacity 7256K, committed 7424K, reserved 1056768K
  class space    used 616K, capacity 656K, committed 768K, reserved 1048576K
}

