# JRE version: Java(TM) SE Runtime Environment (8.0_45-b15) (build 1.8.0_45-b15)
# Java VM: Java HotSpot(TM) 64-Bit Server VM (25.45-b02 mixed mode windows-amd64 compressed oops)
Heap:
 PSYoungGen      total 150016K, used 44949K [0x00000000eab00000, 0x00000000fee00000, 0x0000000100000000)
  eden space 133120K, 33% used [0x00000000eab00000,0x00000000ed6e55a8,0x00000000f2d00000)
  from space 16896K, 0% used [0x00000000f2d00000,0x00000000f2d00000,0x00000000f3d80000)
  to   space 32256K, 32% used [0x00000000fce80000,0x00000000fd8c47c8,0x00000000fee00000)
 ParOldGen       total 179200K, used 178905K [0x00000000c0000000, 0x00000000caf00000, 0x00000000eab00000)
  object space 179200K, 99% used [0x00000000c0000000,0x00000000caeb6768,0x00000000caf00000)
 Metaspace       used 6507K, capacity 7256K, committed 7424K, reserved 1056768K
  class space    used 617K, capacity 656K, committed 768K, reserved 1048576K
GC Heap History (10 events):
Event: 15.681 GC heap before
{Heap before GC invocations=6 (full 0):
 PSYoungGen      total 71680K, used 7915K [0x00000000eab00000, 0x00000000f4f00000, 0x0000000100000000)
  eden space 66560K, 4% used [0x00000000eab00000,0x00000000eadc2e88,0x00000000eec00000)
  from space 5120K, 99% used [0x00000000eec00000,0x00000000ef0f8018,0x00000000ef100000)
  to   space 17408K, 0% used [0x00000000f3e00000,0x00000000f3e00000,0x00000000f4f00000)
 ParOldGen       total 87552K, used 22106K [0x00000000c0000000, 0x00000000c5580000, 0x00000000eab00000)
  object space 87552K, 25% used [0x00000000c0000000,0x00000000c1596a80,0x00000000c5580000)
 Metaspace       used 6461K, capacity 7256K, committed 7424K, reserved 1056768K
  class space    used 615K, capacity 656K, committed 768K, reserved 1048576K
Event: 16.061 GC heap after
Heap after GC invocations=6 (full 0):
 PSYoungGen      total 149504K, used 5296K [0x00000000eab00000, 0x00000000f4e00000, 0x0000000100000000)
  eden space 133120K, 0% used [0x00000000eab00000,0x00000000eab00000,0x00000000f2d00000)
  from space 16384K, 32% used [0x00000000f3e00000,0x00000000f432c028,0x00000000f4e00000)
  to   space 16896K, 0% used [0x00000000f2d00000,0x00000000f2d00000,0x00000000f3d80000)
 ParOldGen       total 87552K, used 22114K [0x00000000c0000000, 0x00000000c5580000, 0x00000000eab00000)
  object space 87552K, 25% used [0x00000000c0000000,0x00000000c1598a80,0x00000000c5580000)
 Metaspace       used 6461K, capacity 7256K, committed 7424K, reserved 1056768K
  class space    used 615K, capacity 656K, committed 768K, reserved 1048576K
}
Event: 20.015 GC heap before
{Heap before GC invocations=7 (full 0):
 PSYoungGen      total 149504K, used 138416K [0x00000000eab00000, 0x00000000f4e00000, 0x0000000100000000)
  eden space 133120K, 100% used [0x00000000eab00000,0x00000000f2d00000,0x00000000f2d00000)
  from space 16384K, 32% used [0x00000000f3e00000,0x00000000f432c028,0x00000000f4e00000)
  to   space 16896K, 0% used [0x00000000f2d00000,0x00000000f2d00000,0x00000000f3d80000)
 ParOldGen       total 87552K, used 22114K [0x00000000c0000000, 0x00000000c5580000, 0x00000000eab00000)
  object space 87552K, 25% used [0x00000000c0000000,0x00000000c1598a80,0x00000000c5580000)
 Metaspace       used 6494K, capacity 7256K, committed 7424K, reserved 1056768K
  class space    used 616K, capacity 656K, committed 768K, reserved 1048576K
Event: 20.152 GC heap after
Heap after GC invocations=7 (full 0):
 PSYoungGen      total 150016K, used 16891K [0x00000000eab00000, 0x00000000fee00000, 0x0000000100000000)
  eden space 133120K, 0% used [0x00000000eab00000,0x00000000eab00000,0x00000000f2d00000)
  from space 16896K, 99% used [0x00000000f2d00000,0x00000000f3d7ed70,0x00000000f3d80000)
  to   space 32256K, 0% used [0x00000000fce80000,0x00000000fce80000,0x00000000fee00000)
 ParOldGen       total 87552K, used 46876K [0x00000000c0000000, 0x00000000c5580000, 0x00000000eab00000)
  object space 87552K, 53% used [0x00000000c0000000,0x00000000c2dc7340,0x00000000c5580000)
 Metaspace       used 6494K, capacity 7256K, committed 7424K, reserved 1056768K
  class space    used 616K, capacity 656K, committed 768K, reserved 1048576K
}
Event: 20.429 GC heap before
{Heap before GC invocations=8 (full 0):
 PSYoungGen      total 150016K, used 150011K [0x00000000eab00000, 0x00000000fee00000, 0x0000000100000000)
  eden space 133120K, 100% used [0x00000000eab00000,0x00000000f2d00000,0x00000000f2d00000)
  from space 16896K, 99% used [0x00000000f2d00000,0x00000000f3d7ed70,0x00000000f3d80000)
  to   space 32256K, 0% used [0x00000000fce80000,0x00000000fce80000,0x00000000fee00000)
 ParOldGen       total 87552K, used 46876K [0x00000000c0000000, 0x00000000c5580000, 0x00000000eab00000)
  object space 87552K, 53% used [0x00000000c0000000,0x00000000c2dc7340,0x00000000c5580000)
 Metaspace       used 6498K, capacity 7256K, committed 7424K, reserved 1056768K
  class space    used 616K, capacity 656K, committed 768K, reserved 1048576K
Event: 20.579 GC heap after
Heap after GC invocations=8 (full 0):
 PSYoungGen      total 150016K, used 150011K [0x00000000eab00000, 0x00000000fee00000, 0x0000000100000000)
  eden space 133120K, 100% used [0x00000000eab00000,0x00000000f2d00000,0x00000000f2d00000)
  from space 16896K, 99% used [0x00000000f2d00000,0x00000000f3d7ed70,0x00000000f3d80000)
  to   space 32256K, 99% used [0x00000000fce80000,0x00000000fedfdc00,0x00000000fee00000)
 ParOldGen       total 112640K, used 112150K [0x00000000c0000000, 0x00000000c6e00000, 0x00000000eab00000)
  object space 112640K, 99% used [0x00000000c0000000,0x00000000c6d85890,0x00000000c6e00000)
 Metaspace       used 6498K, capacity 7256K, committed 7424K, reserved 1056768K
  class space    used 616K, capacity 656K, committed 768K, reserved 1048576K
}
Event: 20.580 GC heap before
{Heap before GC invocations=9 (full 1):
 PSYoungGen      total 150016K, used 150011K [0x00000000eab00000, 0x00000000fee00000, 0x0000000100000000)
  eden space 133120K, 100% used [0x00000000eab00000,0x00000000f2d00000,0x00000000f2d00000)
  from space 16896K, 99% used [0x00000000f2d00000,0x00000000f3d7ed70,0x00000000f3d80000)
  to   space 32256K, 99% used [0x00000000fce80000,0x00000000fedfdc00,0x00000000fee00000)
 ParOldGen       total 112640K, used 112150K [0x00000000c0000000, 0x00000000c6e00000, 0x00000000eab00000)
  object space 112640K, 99% used [0x00000000c0000000,0x00000000c6d85890,0x00000000c6e00000)
 Metaspace       used 6498K, capacity 7256K, committed 7424K, reserved 1056768K
  class space    used 616K, capacity 656K, committed 768K, reserved 1048576K
Event: 23.906 GC heap after
Heap after GC invocations=9 (full 1):
 PSYoungGen      total 150016K, used 0K [0x00000000eab00000, 0x00000000fee00000, 0x0000000100000000)
  eden space 133120K, 0% used [0x00000000eab00000,0x00000000eab00000,0x00000000f2d00000)
  from space 16896K, 0% used [0x00000000f2d00000,0x00000000f2d00000,0x00000000f3d80000)
  to   space 32256K, 70% used [0x00000000fce80000,0x00000000fe4c48a0,0x00000000fee00000)
 ParOldGen       total 179200K, used 112206K [0x00000000c0000000, 0x00000000caf00000, 0x00000000eab00000)
  object space 179200K, 62% used [0x00000000c0000000,0x00000000c6d93878,0x00000000caf00000)
 Metaspace       used 6498K, capacity 7256K, committed 7424K, reserved 1056768K
  class space    used 616K, capacity 656K, committed 768K, reserved 1048576K
}
Event: 24.742 GC heap before
{Heap before GC invocations=10 (full 2):
 PSYoungGen      total 150016K, used 133120K [0x00000000eab00000, 0x00000000fee00000, 0x0000000100000000)
  eden space 133120K, 100% used [0x00000000eab00000,0x00000000f2d00000,0x00000000f2d00000)
  from space 16896K, 0% used [0x00000000f2d00000,0x00000000f2d00000,0x00000000f3d80000)
  to   space 32256K, 70% used [0x00000000fce80000,0x00000000fe4c48a0,0x00000000fee00000)
 ParOldGen       total 179200K, used 112206K [0x00000000c0000000, 0x00000000caf00000, 0x00000000eab00000)
  object space 179200K, 62% used [0x00000000c0000000,0x00000000c6d93878,0x00000000caf00000)
 Metaspace       used 6506K, capacity 7256K, committed 7424K, reserved 1056768K
  class space    used 617K, capacity 656K, committed 768K, reserved 1048576K
Event: 29.289 GC heap after
Heap after GC invocations=10 (full 2):
 PSYoungGen      total 150016K, used 0K [0x00000000eab00000, 0x00000000fee00000, 0x0000000100000000)
  eden space 133120K, 0% used [0x00000000eab00000,0x00000000eab00000,0x00000000f2d00000)
  from space 16896K, 0% used [0x00000000f2d00000,0x00000000f2d00000,0x00000000f3d80000)
  to   space 32256K, 32% used [0x00000000fce80000,0x00000000fd8c47c8,0x00000000fee00000)
 ParOldGen       total 179200K, used 178905K [0x00000000c0000000, 0x00000000caf00000, 0x00000000eab00000)
  object space 179200K, 99% used [0x00000000c0000000,0x00000000caeb6768,0x00000000caf00000)
 Metaspace       used 6506K, capacity 7256K, committed 7424K, reserved 1056768K
  class space    used 617K, capacity 656K, committed 768K, reserved 1048576K
}

